0 info it worked if it ends with ok
1 verbose cli [ 'C:\\Program Files\\nodejs\\node.exe',
1 verbose cli   'C:\\Program Files\\nodejs\\node_modules\\npm\\bin\\npm-cli.js',
1 verbose cli   'install' ]
2 info using npm@3.8.6
3 info using node@v6.0.0
4 silly loadCurrentTree Starting
5 silly install loadCurrentTree
6 silly install readLocalPackageData
7 silly install normalizeTree
8 silly loadCurrentTree Finishing
9 silly loadIdealTree Starting
10 silly install loadIdealTree
11 silly cloneCurrentTree Starting
12 silly install cloneCurrentTreeToIdealTree
13 silly cloneCurrentTree Finishing
14 silly loadShrinkwrap Starting
15 silly install loadShrinkwrap
16 silly loadShrinkwrap Finishing
17 silly loadAllDepsIntoIdealTree Starting
18 silly install loadAllDepsIntoIdealTree
19 silly loadAllDepsIntoIdealTree Finishing
20 silly idealTree:prePrune client@1.0.0
20 silly idealTree:prePrune +-- addressparser@1.0.1
20 silly idealTree:prePrune +-- ammo@1.0.1
20 silly idealTree:prePrune +-- ansi-regex@2.0.0
20 silly idealTree:prePrune +-- ansi-styles@2.2.1
20 silly idealTree:prePrune +-- archy@1.0.0
20 silly idealTree:prePrune +-- arr-diff@2.0.0
20 silly idealTree:prePrune +-- arr-flatten@1.0.1
20 silly idealTree:prePrune +-- array-differ@1.0.0
20 silly idealTree:prePrune +-- array-find-index@1.0.1
20 silly idealTree:prePrune +-- array-union@1.0.2
20 silly idealTree:prePrune +-- array-uniq@1.0.3
20 silly idealTree:prePrune +-- array-unique@0.2.1
20 silly idealTree:prePrune +-- arrify@1.0.1
20 silly idealTree:prePrune +-- async@1.5.2
20 silly idealTree:prePrune +-- balanced-match@0.4.1
20 silly idealTree:prePrune +-- beeper@1.1.0
20 silly idealTree:prePrune +-- boom@2.10.1
20 silly idealTree:prePrune +-- bower@1.7.9
20 silly idealTree:prePrune +-- brace-expansion@1.1.5
20 silly idealTree:prePrune +-- braces@1.8.5
20 silly idealTree:prePrune +-- buffer-shims@1.0.0
20 silly idealTree:prePrune +-- buildmail@3.7.0
20 silly idealTree:prePrune +-- builtin-modules@1.1.1
20 silly idealTree:prePrune +-- camelcase-keys@2.1.0
20 silly idealTree:prePrune +-- camelcase@2.1.1
20 silly idealTree:prePrune +-- chalk@1.1.3
20 silly idealTree:prePrune +-- clone-stats@0.0.1
20 silly idealTree:prePrune +-- clone@1.0.2
20 silly idealTree:prePrune +-- coffee-script@1.10.0
20 silly idealTree:prePrune +-- concat-map@0.0.1
20 silly idealTree:prePrune +-- convert-source-map@1.2.0
20 silly idealTree:prePrune +-- core-util-is@1.0.2
20 silly idealTree:prePrune +-- currently-unhandled@0.4.1
20 silly idealTree:prePrune +-- dateformat@1.0.12
20 silly idealTree:prePrune +-- decamelize@1.2.0
20 silly idealTree:prePrune +-- defaults@1.0.3
20 silly idealTree:prePrune +-- deprecated@0.0.1
20 silly idealTree:prePrune +-- duplexer@0.1.1
20 silly idealTree:prePrune +-- duplexer2@0.0.2
20 silly idealTree:prePrune +-- duplexify@3.4.3
20 silly idealTree:prePrune | +-- end-of-stream@1.0.0
20 silly idealTree:prePrune | +-- isarray@1.0.0
20 silly idealTree:prePrune | `-- readable-stream@2.1.4
20 silly idealTree:prePrune +-- end-of-stream@0.1.5
20 silly idealTree:prePrune +-- error-ex@1.3.0
20 silly idealTree:prePrune +-- escape-string-regexp@1.0.5
20 silly idealTree:prePrune +-- event-stream@3.3.3
20 silly idealTree:prePrune +-- expand-brackets@0.1.5
20 silly idealTree:prePrune +-- expand-range@1.8.2
20 silly idealTree:prePrune +-- expand-tilde@1.2.2
20 silly idealTree:prePrune +-- extend-shallow@2.0.1
20 silly idealTree:prePrune +-- extend@3.0.0
20 silly idealTree:prePrune +-- extglob@0.3.2
20 silly idealTree:prePrune +-- fancy-log@1.2.0
20 silly idealTree:prePrune +-- filename-regex@2.0.0
20 silly idealTree:prePrune +-- fill-range@2.2.3
20 silly idealTree:prePrune +-- find-index@0.1.1
20 silly idealTree:prePrune +-- find-up@1.1.2
20 silly idealTree:prePrune +-- findup-sync@0.3.0
20 silly idealTree:prePrune +-- first-chunk-stream@1.0.0
20 silly idealTree:prePrune +-- flagged-respawn@0.3.2
20 silly idealTree:prePrune +-- for-in@0.1.5
20 silly idealTree:prePrune +-- for-own@0.1.4
20 silly idealTree:prePrune +-- from@0.1.3
20 silly idealTree:prePrune +-- fs-exists-sync@0.1.0
20 silly idealTree:prePrune +-- gaze@0.5.2
20 silly idealTree:prePrune +-- get-stdin@4.0.1
20 silly idealTree:prePrune +-- glob-base@0.3.0
20 silly idealTree:prePrune +-- glob-parent@2.0.0
20 silly idealTree:prePrune +-- glob-stream@3.1.18
20 silly idealTree:prePrune | +-- glob@4.5.3
20 silly idealTree:prePrune | +-- minimatch@2.0.10
20 silly idealTree:prePrune | +-- readable-stream@1.0.34
20 silly idealTree:prePrune | `-- through2@0.6.5
20 silly idealTree:prePrune +-- glob-watcher@0.0.6
20 silly idealTree:prePrune +-- glob@5.0.15
20 silly idealTree:prePrune +-- glob2base@0.0.12
20 silly idealTree:prePrune +-- global-modules@0.2.2
20 silly idealTree:prePrune +-- global-prefix@0.1.4
20 silly idealTree:prePrune +-- globby@2.1.0
20 silly idealTree:prePrune +-- globule@0.1.0
20 silly idealTree:prePrune | +-- glob@3.1.21
20 silly idealTree:prePrune | +-- graceful-fs@1.2.3
20 silly idealTree:prePrune | +-- inherits@1.0.2
20 silly idealTree:prePrune | `-- minimatch@0.2.14
20 silly idealTree:prePrune +-- glogg@1.0.0
20 silly idealTree:prePrune +-- graceful-fs@4.1.4
20 silly idealTree:prePrune +-- gulp-debug@2.1.2
20 silly idealTree:prePrune | `-- object-assign@4.1.0
20 silly idealTree:prePrune +-- gulp-inject@3.0.0
20 silly idealTree:prePrune +-- gulp-load-plugins@1.2.4
20 silly idealTree:prePrune | `-- findup-sync@0.4.1
20 silly idealTree:prePrune +-- gulp-sourcemaps@1.6.0
20 silly idealTree:prePrune | `-- vinyl@1.1.1
20 silly idealTree:prePrune +-- gulp-util@3.0.7
20 silly idealTree:prePrune +-- gulp@3.9.1
20 silly idealTree:prePrune +-- gulplog@1.0.0
20 silly idealTree:prePrune +-- hapi@11.1.4
20 silly idealTree:prePrune | +-- accept@2.0.0
20 silly idealTree:prePrune | +-- ammo@2.0.0
20 silly idealTree:prePrune | +-- boom@3.0.0
20 silly idealTree:prePrune | +-- call@3.0.0
20 silly idealTree:prePrune | +-- catbox-memory@2.0.1
20 silly idealTree:prePrune | +-- catbox@7.0.0
20 silly idealTree:prePrune | +-- cryptiles@3.0.0
20 silly idealTree:prePrune | +-- heavy@4.0.0
20 silly idealTree:prePrune | +-- hoek@3.0.0
20 silly idealTree:prePrune | +-- iron@3.0.1
20 silly idealTree:prePrune | +-- items@2.0.0
20 silly idealTree:prePrune | +-- joi@7.0.0
20 silly idealTree:prePrune | | +-- isemail@2.0.0
20 silly idealTree:prePrune | | `-- moment@2.10.6
20 silly idealTree:prePrune | +-- kilt@2.0.0
20 silly idealTree:prePrune | +-- mimos@3.0.0
20 silly idealTree:prePrune | | `-- mime-db@1.19.0
20 silly idealTree:prePrune | +-- peekaboo@2.0.0
20 silly idealTree:prePrune | +-- qs@6.0.0
20 silly idealTree:prePrune | +-- shot@2.0.1
20 silly idealTree:prePrune | +-- statehood@3.0.0
20 silly idealTree:prePrune | +-- subtext@3.0.1
20 silly idealTree:prePrune | | +-- content@3.0.0
20 silly idealTree:prePrune | | +-- pez@2.0.1
20 silly idealTree:prePrune | | | +-- b64@3.0.0
20 silly idealTree:prePrune | | | `-- nigel@2.0.0
20 silly idealTree:prePrune | | |   `-- vise@2.0.0
20 silly idealTree:prePrune | | `-- wreck@7.0.0
20 silly idealTree:prePrune | `-- topo@2.0.0
20 silly idealTree:prePrune +-- has-ansi@2.0.0
20 silly idealTree:prePrune +-- has-gulplog@0.1.0
20 silly idealTree:prePrune +-- hoek@2.16.3
20 silly idealTree:prePrune +-- hosted-git-info@2.1.5
20 silly idealTree:prePrune +-- httpntlm@1.6.1
20 silly idealTree:prePrune | `-- underscore@1.7.0
20 silly idealTree:prePrune +-- httpreq@0.4.22
20 silly idealTree:prePrune +-- iconv-lite@0.4.13
20 silly idealTree:prePrune +-- indent-string@2.1.0
20 silly idealTree:prePrune +-- inert@3.2.1
20 silly idealTree:prePrune +-- inflight@1.0.5
20 silly idealTree:prePrune +-- inherits@2.0.1
20 silly idealTree:prePrune +-- ini@1.3.4
20 silly idealTree:prePrune +-- inject@1.0.0-beta2
20 silly idealTree:prePrune +-- interpret@1.0.1
20 silly idealTree:prePrune +-- ip@1.1.3
20 silly idealTree:prePrune +-- irregular-plurals@1.2.0
20 silly idealTree:prePrune +-- is-arrayish@0.2.1
20 silly idealTree:prePrune +-- is-buffer@1.1.3
20 silly idealTree:prePrune +-- is-builtin-module@1.0.0
20 silly idealTree:prePrune +-- is-dotfile@1.0.2
20 silly idealTree:prePrune +-- is-equal-shallow@0.1.3
20 silly idealTree:prePrune +-- is-extendable@0.1.1
20 silly idealTree:prePrune +-- is-extglob@1.0.0
20 silly idealTree:prePrune +-- is-finite@1.0.1
20 silly idealTree:prePrune +-- is-glob@2.0.1
20 silly idealTree:prePrune +-- is-number@2.1.0
20 silly idealTree:prePrune +-- is-plain-obj@1.1.0
20 silly idealTree:prePrune +-- is-posix-bracket@0.1.1
20 silly idealTree:prePrune +-- is-primitive@2.0.0
20 silly idealTree:prePrune +-- is-regexp@1.0.0
20 silly idealTree:prePrune +-- is-stream@1.1.0
20 silly idealTree:prePrune +-- is-utf8@0.2.1
20 silly idealTree:prePrune +-- is-valid-glob@0.3.0
20 silly idealTree:prePrune +-- is-windows@0.2.0
20 silly idealTree:prePrune +-- isarray@0.0.1
20 silly idealTree:prePrune +-- isemail@1.2.0
20 silly idealTree:prePrune +-- isexe@1.1.2
20 silly idealTree:prePrune +-- isobject@2.1.0
20 silly idealTree:prePrune | `-- isarray@1.0.0
20 silly idealTree:prePrune +-- items@1.1.1
20 silly idealTree:prePrune +-- joi@6.10.1
20 silly idealTree:prePrune +-- json-stable-stringify@1.0.1
20 silly idealTree:prePrune +-- jsonify@0.0.0
20 silly idealTree:prePrune +-- kind-of@3.0.3
20 silly idealTree:prePrune +-- lazystream@1.0.0
20 silly idealTree:prePrune | +-- isarray@1.0.0
20 silly idealTree:prePrune | `-- readable-stream@2.1.4
20 silly idealTree:prePrune +-- libbase64@0.1.0
20 silly idealTree:prePrune +-- libmime@2.0.3
20 silly idealTree:prePrune +-- libqp@1.1.0
20 silly idealTree:prePrune +-- liftoff@2.2.4
20 silly idealTree:prePrune +-- load-json-file@1.1.0
20 silly idealTree:prePrune +-- lodash._basecopy@3.0.1
20 silly idealTree:prePrune +-- lodash._basetostring@3.0.1
20 silly idealTree:prePrune +-- lodash._basevalues@3.0.0
20 silly idealTree:prePrune +-- lodash._getnative@3.9.1
20 silly idealTree:prePrune +-- lodash._isiterateecall@3.0.9
20 silly idealTree:prePrune +-- lodash._reescape@3.0.0
20 silly idealTree:prePrune +-- lodash._reevaluate@3.0.0
20 silly idealTree:prePrune +-- lodash._reinterpolate@3.0.0
20 silly idealTree:prePrune +-- lodash._root@3.0.1
20 silly idealTree:prePrune +-- lodash.escape@3.2.0
20 silly idealTree:prePrune +-- lodash.isarguments@3.0.8
20 silly idealTree:prePrune +-- lodash.isarray@3.0.4
20 silly idealTree:prePrune +-- lodash.isequal@4.2.0
20 silly idealTree:prePrune | `-- lodash.keys@4.0.7
20 silly idealTree:prePrune +-- lodash.keys@3.1.2
20 silly idealTree:prePrune +-- lodash.restparam@3.6.1
20 silly idealTree:prePrune +-- lodash.template@3.6.2
20 silly idealTree:prePrune +-- lodash.templatesettings@3.1.1
20 silly idealTree:prePrune +-- lodash@1.0.2
20 silly idealTree:prePrune +-- loud-rejection@1.5.0
20 silly idealTree:prePrune +-- lru-cache@2.7.3
20 silly idealTree:prePrune +-- mailcomposer@3.9.0
20 silly idealTree:prePrune +-- main-bower-files@2.13.1
20 silly idealTree:prePrune | +-- extend@2.0.1
20 silly idealTree:prePrune | +-- glob-stream@5.3.2
20 silly idealTree:prePrune | | +-- extend@3.0.0
20 silly idealTree:prePrune | | +-- isarray@0.0.1
20 silly idealTree:prePrune | | +-- readable-stream@1.0.34
20 silly idealTree:prePrune | | `-- through2@0.6.5
20 silly idealTree:prePrune | +-- isarray@1.0.0
20 silly idealTree:prePrune | +-- object-assign@4.1.0
20 silly idealTree:prePrune | +-- ordered-read-streams@0.3.0
20 silly idealTree:prePrune | +-- path-exists@1.0.0
20 silly idealTree:prePrune | +-- readable-stream@2.1.4
20 silly idealTree:prePrune | +-- unique-stream@2.2.1
20 silly idealTree:prePrune | +-- vinyl-fs@2.4.3
20 silly idealTree:prePrune | `-- vinyl@1.1.1
20 silly idealTree:prePrune +-- map-obj@1.0.1
20 silly idealTree:prePrune +-- map-stream@0.1.0
20 silly idealTree:prePrune +-- materialize@1.0.0
20 silly idealTree:prePrune +-- meow@3.7.0
20 silly idealTree:prePrune | `-- object-assign@4.1.0
20 silly idealTree:prePrune +-- merge-stream@1.0.0
20 silly idealTree:prePrune | +-- isarray@1.0.0
20 silly idealTree:prePrune | `-- readable-stream@2.1.4
20 silly idealTree:prePrune +-- micromatch@2.3.10
20 silly idealTree:prePrune +-- minimatch@3.0.2
20 silly idealTree:prePrune +-- minimist@1.2.0
20 silly idealTree:prePrune +-- mkdirp@0.5.1
20 silly idealTree:prePrune | `-- minimist@0.0.8
20 silly idealTree:prePrune +-- moment@2.13.0
20 silly idealTree:prePrune +-- multimatch@2.1.0
20 silly idealTree:prePrune +-- multipipe@0.1.2
20 silly idealTree:prePrune +-- nodemailer-direct-transport@3.1.0
20 silly idealTree:prePrune +-- nodemailer-fetch@1.4.0
20 silly idealTree:prePrune +-- nodemailer-shared@1.0.5
20 silly idealTree:prePrune +-- nodemailer-smtp-pool@2.6.0
20 silly idealTree:prePrune +-- nodemailer-smtp-transport@2.5.0
20 silly idealTree:prePrune +-- nodemailer-wellknown@0.1.9
20 silly idealTree:prePrune +-- nodemailer@2.4.2
20 silly idealTree:prePrune +-- normalize-package-data@2.3.5
20 silly idealTree:prePrune +-- normalize-path@2.0.1
20 silly idealTree:prePrune +-- number-is-nan@1.0.0
20 silly idealTree:prePrune +-- object-assign@3.0.0
20 silly idealTree:prePrune +-- object.omit@2.0.0
20 silly idealTree:prePrune +-- once@1.3.3
20 silly idealTree:prePrune +-- orchestrator@0.3.7
20 silly idealTree:prePrune +-- ordered-read-streams@0.1.0
20 silly idealTree:prePrune +-- os-homedir@1.0.1
20 silly idealTree:prePrune +-- os-tmpdir@1.0.1
20 silly idealTree:prePrune +-- osenv@0.1.3
20 silly idealTree:prePrune +-- parse-glob@3.0.4
20 silly idealTree:prePrune +-- parse-json@2.2.0
20 silly idealTree:prePrune +-- path-exists@2.1.0
20 silly idealTree:prePrune +-- path-is-absolute@1.0.0
20 silly idealTree:prePrune +-- path-type@1.1.0
20 silly idealTree:prePrune +-- pause-stream@0.0.11
20 silly idealTree:prePrune +-- pify@2.3.0
20 silly idealTree:prePrune +-- pinkie-promise@2.0.1
20 silly idealTree:prePrune +-- pinkie@2.0.4
20 silly idealTree:prePrune +-- plur@2.1.2
20 silly idealTree:prePrune +-- preserve@0.2.0
20 silly idealTree:prePrune +-- pretty-hrtime@1.0.2
20 silly idealTree:prePrune +-- process-nextick-args@1.0.7
20 silly idealTree:prePrune +-- randomatic@1.1.5
20 silly idealTree:prePrune +-- read-pkg-up@1.0.1
20 silly idealTree:prePrune +-- read-pkg@1.1.0
20 silly idealTree:prePrune +-- readable-stream@1.1.14
20 silly idealTree:prePrune +-- rechoir@0.6.2
20 silly idealTree:prePrune +-- redent@1.0.0
20 silly idealTree:prePrune +-- regex-cache@0.4.3
20 silly idealTree:prePrune +-- repeat-element@1.1.2
20 silly idealTree:prePrune +-- repeat-string@1.5.4
20 silly idealTree:prePrune +-- repeating@2.0.1
20 silly idealTree:prePrune +-- replace-ext@0.0.1
20 silly idealTree:prePrune +-- resolve-dir@0.1.0
20 silly idealTree:prePrune +-- resolve@1.1.7
20 silly idealTree:prePrune +-- semver@4.3.6
20 silly idealTree:prePrune +-- sequencify@0.0.7
20 silly idealTree:prePrune +-- sigmund@1.0.1
20 silly idealTree:prePrune +-- signal-exit@3.0.0
20 silly idealTree:prePrune +-- smart-buffer@1.0.11
20 silly idealTree:prePrune +-- smtp-connection@2.5.0
20 silly idealTree:prePrune +-- socks@1.1.9
20 silly idealTree:prePrune +-- sparkles@1.0.0
20 silly idealTree:prePrune +-- spdx-correct@1.0.2
20 silly idealTree:prePrune +-- spdx-exceptions@1.0.4
20 silly idealTree:prePrune +-- spdx-expression-parse@1.0.2
20 silly idealTree:prePrune +-- spdx-license-ids@1.2.1
20 silly idealTree:prePrune +-- split@0.3.3
20 silly idealTree:prePrune +-- stream-combiner@0.0.4
20 silly idealTree:prePrune +-- stream-consume@0.1.0
20 silly idealTree:prePrune +-- string_decoder@0.10.31
20 silly idealTree:prePrune +-- stringify-object@2.4.0
20 silly idealTree:prePrune +-- strip-ansi@3.0.1
20 silly idealTree:prePrune +-- strip-bom-stream@1.0.0
20 silly idealTree:prePrune +-- strip-bom@2.0.0
20 silly idealTree:prePrune +-- strip-indent@1.0.1
20 silly idealTree:prePrune +-- strip-json-comments@1.0.4
20 silly idealTree:prePrune +-- supports-color@2.0.0
20 silly idealTree:prePrune +-- through@2.3.8
20 silly idealTree:prePrune +-- through2-filter@2.0.0
20 silly idealTree:prePrune +-- through2@2.0.1
20 silly idealTree:prePrune | +-- isarray@1.0.0
20 silly idealTree:prePrune | `-- readable-stream@2.0.6
20 silly idealTree:prePrune +-- tildify@1.2.0
20 silly idealTree:prePrune +-- time-stamp@1.0.1
20 silly idealTree:prePrune +-- to-absolute-glob@0.1.1
20 silly idealTree:prePrune +-- topo@1.1.0
20 silly idealTree:prePrune +-- trim-newlines@1.0.0
20 silly idealTree:prePrune +-- underscore@1.8.3
20 silly idealTree:prePrune +-- unique-stream@1.0.0
20 silly idealTree:prePrune +-- user-home@1.1.1
20 silly idealTree:prePrune +-- util-deprecate@1.0.2
20 silly idealTree:prePrune +-- v8flags@2.0.11
20 silly idealTree:prePrune +-- vali-date@1.0.0
20 silly idealTree:prePrune +-- validate-npm-package-license@3.0.1
20 silly idealTree:prePrune +-- vinyl-fs@0.3.14
20 silly idealTree:prePrune | +-- clone@0.2.0
20 silly idealTree:prePrune | +-- graceful-fs@3.0.8
20 silly idealTree:prePrune | +-- readable-stream@1.0.34
20 silly idealTree:prePrune | +-- strip-bom@1.0.0
20 silly idealTree:prePrune | +-- through2@0.6.5
20 silly idealTree:prePrune | `-- vinyl@0.4.6
20 silly idealTree:prePrune +-- vinyl@0.5.3
20 silly idealTree:prePrune +-- which@1.2.10
20 silly idealTree:prePrune +-- wrappy@1.0.2
20 silly idealTree:prePrune `-- xtend@4.0.1
21 silly loadIdealTree Finishing
22 silly currentTree client@1.0.0
22 silly currentTree +-- addressparser@1.0.1
22 silly currentTree +-- ammo@1.0.1
22 silly currentTree +-- ansi-regex@2.0.0
22 silly currentTree +-- ansi-styles@2.2.1
22 silly currentTree +-- archy@1.0.0
22 silly currentTree +-- arr-diff@2.0.0
22 silly currentTree +-- arr-flatten@1.0.1
22 silly currentTree +-- array-differ@1.0.0
22 silly currentTree +-- array-find-index@1.0.1
22 silly currentTree +-- array-union@1.0.2
22 silly currentTree +-- array-uniq@1.0.3
22 silly currentTree +-- array-unique@0.2.1
22 silly currentTree +-- arrify@1.0.1
22 silly currentTree +-- async@1.5.2
22 silly currentTree +-- balanced-match@0.4.1
22 silly currentTree +-- beeper@1.1.0
22 silly currentTree +-- boom@2.10.1
22 silly currentTree +-- bower@1.7.9
22 silly currentTree +-- brace-expansion@1.1.5
22 silly currentTree +-- braces@1.8.5
22 silly currentTree +-- buffer-shims@1.0.0
22 silly currentTree +-- buildmail@3.7.0
22 silly currentTree +-- builtin-modules@1.1.1
22 silly currentTree +-- camelcase-keys@2.1.0
22 silly currentTree +-- camelcase@2.1.1
22 silly currentTree +-- chalk@1.1.3
22 silly currentTree +-- clone-stats@0.0.1
22 silly currentTree +-- clone@1.0.2
22 silly currentTree +-- coffee-script@1.10.0
22 silly currentTree +-- concat-map@0.0.1
22 silly currentTree +-- convert-source-map@1.2.0
22 silly currentTree +-- core-util-is@1.0.2
22 silly currentTree +-- currently-unhandled@0.4.1
22 silly currentTree +-- dateformat@1.0.12
22 silly currentTree +-- decamelize@1.2.0
22 silly currentTree +-- defaults@1.0.3
22 silly currentTree +-- deprecated@0.0.1
22 silly currentTree +-- duplexer@0.1.1
22 silly currentTree +-- duplexer2@0.0.2
22 silly currentTree +-- duplexify@3.4.3
22 silly currentTree | +-- end-of-stream@1.0.0
22 silly currentTree | +-- isarray@1.0.0
22 silly currentTree | `-- readable-stream@2.1.4
22 silly currentTree +-- end-of-stream@0.1.5
22 silly currentTree +-- error-ex@1.3.0
22 silly currentTree +-- escape-string-regexp@1.0.5
22 silly currentTree +-- event-stream@3.3.3
22 silly currentTree +-- expand-brackets@0.1.5
22 silly currentTree +-- expand-range@1.8.2
22 silly currentTree +-- expand-tilde@1.2.2
22 silly currentTree +-- extend-shallow@2.0.1
22 silly currentTree +-- extend@3.0.0
22 silly currentTree +-- extglob@0.3.2
22 silly currentTree +-- fancy-log@1.2.0
22 silly currentTree +-- filename-regex@2.0.0
22 silly currentTree +-- fill-range@2.2.3
22 silly currentTree +-- find-index@0.1.1
22 silly currentTree +-- find-up@1.1.2
22 silly currentTree +-- findup-sync@0.3.0
22 silly currentTree +-- first-chunk-stream@1.0.0
22 silly currentTree +-- flagged-respawn@0.3.2
22 silly currentTree +-- for-in@0.1.5
22 silly currentTree +-- for-own@0.1.4
22 silly currentTree +-- from@0.1.3
22 silly currentTree +-- fs-exists-sync@0.1.0
22 silly currentTree +-- gaze@0.5.2
22 silly currentTree +-- get-stdin@4.0.1
22 silly currentTree +-- glob-base@0.3.0
22 silly currentTree +-- glob-parent@2.0.0
22 silly currentTree +-- glob-stream@3.1.18
22 silly currentTree | +-- glob@4.5.3
22 silly currentTree | +-- minimatch@2.0.10
22 silly currentTree | +-- readable-stream@1.0.34
22 silly currentTree | `-- through2@0.6.5
22 silly currentTree +-- glob-watcher@0.0.6
22 silly currentTree +-- glob@5.0.15
22 silly currentTree +-- glob2base@0.0.12
22 silly currentTree +-- global-modules@0.2.2
22 silly currentTree +-- global-prefix@0.1.4
22 silly currentTree +-- globby@2.1.0
22 silly currentTree +-- globule@0.1.0
22 silly currentTree | +-- glob@3.1.21
22 silly currentTree | +-- graceful-fs@1.2.3
22 silly currentTree | +-- inherits@1.0.2
22 silly currentTree | `-- minimatch@0.2.14
22 silly currentTree +-- glogg@1.0.0
22 silly currentTree +-- graceful-fs@4.1.4
22 silly currentTree +-- gulp-debug@2.1.2
22 silly currentTree | `-- object-assign@4.1.0
22 silly currentTree +-- gulp-inject@3.0.0
22 silly currentTree +-- gulp-load-plugins@1.2.4
22 silly currentTree | `-- findup-sync@0.4.1
22 silly currentTree +-- gulp-sourcemaps@1.6.0
22 silly currentTree | `-- vinyl@1.1.1
22 silly currentTree +-- gulp-util@3.0.7
22 silly currentTree +-- gulp@3.9.1
22 silly currentTree +-- gulplog@1.0.0
22 silly currentTree +-- hapi@11.1.4
22 silly currentTree | +-- accept@2.0.0
22 silly currentTree | +-- ammo@2.0.0
22 silly currentTree | +-- boom@3.0.0
22 silly currentTree | +-- call@3.0.0
22 silly currentTree | +-- catbox-memory@2.0.1
22 silly currentTree | +-- catbox@7.0.0
22 silly currentTree | +-- cryptiles@3.0.0
22 silly currentTree | +-- heavy@4.0.0
22 silly currentTree | +-- hoek@3.0.0
22 silly currentTree | +-- iron@3.0.1
22 silly currentTree | +-- items@2.0.0
22 silly currentTree | +-- joi@7.0.0
22 silly currentTree | | +-- isemail@2.0.0
22 silly currentTree | | `-- moment@2.10.6
22 silly currentTree | +-- kilt@2.0.0
22 silly currentTree | +-- mimos@3.0.0
22 silly currentTree | | `-- mime-db@1.19.0
22 silly currentTree | +-- peekaboo@2.0.0
22 silly currentTree | +-- qs@6.0.0
22 silly currentTree | +-- shot@2.0.1
22 silly currentTree | +-- statehood@3.0.0
22 silly currentTree | +-- subtext@3.0.1
22 silly currentTree | | +-- content@3.0.0
22 silly currentTree | | +-- pez@2.0.1
22 silly currentTree | | | +-- b64@3.0.0
22 silly currentTree | | | `-- nigel@2.0.0
22 silly currentTree | | |   `-- vise@2.0.0
22 silly currentTree | | `-- wreck@7.0.0
22 silly currentTree | `-- topo@2.0.0
22 silly currentTree +-- has-ansi@2.0.0
22 silly currentTree +-- has-gulplog@0.1.0
22 silly currentTree +-- hoek@2.16.3
22 silly currentTree +-- hosted-git-info@2.1.5
22 silly currentTree +-- httpntlm@1.6.1
22 silly currentTree | `-- underscore@1.7.0
22 silly currentTree +-- httpreq@0.4.22
22 silly currentTree +-- iconv-lite@0.4.13
22 silly currentTree +-- indent-string@2.1.0
22 silly currentTree +-- inert@3.2.1
22 silly currentTree +-- inflight@1.0.5
22 silly currentTree +-- inherits@2.0.1
22 silly currentTree +-- ini@1.3.4
22 silly currentTree +-- inject@1.0.0-beta2
22 silly currentTree +-- interpret@1.0.1
22 silly currentTree +-- ip@1.1.3
22 silly currentTree +-- irregular-plurals@1.2.0
22 silly currentTree +-- is-arrayish@0.2.1
22 silly currentTree +-- is-buffer@1.1.3
22 silly currentTree +-- is-builtin-module@1.0.0
22 silly currentTree +-- is-dotfile@1.0.2
22 silly currentTree +-- is-equal-shallow@0.1.3
22 silly currentTree +-- is-extendable@0.1.1
22 silly currentTree +-- is-extglob@1.0.0
22 silly currentTree +-- is-finite@1.0.1
22 silly currentTree +-- is-glob@2.0.1
22 silly currentTree +-- is-number@2.1.0
22 silly currentTree +-- is-plain-obj@1.1.0
22 silly currentTree +-- is-posix-bracket@0.1.1
22 silly currentTree +-- is-primitive@2.0.0
22 silly currentTree +-- is-regexp@1.0.0
22 silly currentTree +-- is-stream@1.1.0
22 silly currentTree +-- is-utf8@0.2.1
22 silly currentTree +-- is-valid-glob@0.3.0
22 silly currentTree +-- is-windows@0.2.0
22 silly currentTree +-- isarray@0.0.1
22 silly currentTree +-- isemail@1.2.0
22 silly currentTree +-- isexe@1.1.2
22 silly currentTree +-- isobject@2.1.0
22 silly currentTree | `-- isarray@1.0.0
22 silly currentTree +-- items@1.1.1
22 silly currentTree +-- joi@6.10.1
22 silly currentTree +-- json-stable-stringify@1.0.1
22 silly currentTree +-- jsonify@0.0.0
22 silly currentTree +-- kind-of@3.0.3
22 silly currentTree +-- lazystream@1.0.0
22 silly currentTree | +-- isarray@1.0.0
22 silly currentTree | `-- readable-stream@2.1.4
22 silly currentTree +-- libbase64@0.1.0
22 silly currentTree +-- libmime@2.0.3
22 silly currentTree +-- libqp@1.1.0
22 silly currentTree +-- liftoff@2.2.4
22 silly currentTree +-- load-json-file@1.1.0
22 silly currentTree +-- lodash._basecopy@3.0.1
22 silly currentTree +-- lodash._basetostring@3.0.1
22 silly currentTree +-- lodash._basevalues@3.0.0
22 silly currentTree +-- lodash._getnative@3.9.1
22 silly currentTree +-- lodash._isiterateecall@3.0.9
22 silly currentTree +-- lodash._reescape@3.0.0
22 silly currentTree +-- lodash._reevaluate@3.0.0
22 silly currentTree +-- lodash._reinterpolate@3.0.0
22 silly currentTree +-- lodash._root@3.0.1
22 silly currentTree +-- lodash.escape@3.2.0
22 silly currentTree +-- lodash.isarguments@3.0.8
22 silly currentTree +-- lodash.isarray@3.0.4
22 silly currentTree +-- lodash.isequal@4.2.0
22 silly currentTree | `-- lodash.keys@4.0.7
22 silly currentTree +-- lodash.keys@3.1.2
22 silly currentTree +-- lodash.restparam@3.6.1
22 silly currentTree +-- lodash.template@3.6.2
22 silly currentTree +-- lodash.templatesettings@3.1.1
22 silly currentTree +-- lodash@1.0.2
22 silly currentTree +-- loud-rejection@1.5.0
22 silly currentTree +-- lru-cache@2.7.3
22 silly currentTree +-- mailcomposer@3.9.0
22 silly currentTree +-- main-bower-files@2.13.1
22 silly currentTree | +-- extend@2.0.1
22 silly currentTree | +-- glob-stream@5.3.2
22 silly currentTree | | +-- extend@3.0.0
22 silly currentTree | | +-- isarray@0.0.1
22 silly currentTree | | +-- readable-stream@1.0.34
22 silly currentTree | | `-- through2@0.6.5
22 silly currentTree | +-- isarray@1.0.0
22 silly currentTree | +-- object-assign@4.1.0
22 silly currentTree | +-- ordered-read-streams@0.3.0
22 silly currentTree | +-- path-exists@1.0.0
22 silly currentTree | +-- readable-stream@2.1.4
22 silly currentTree | +-- unique-stream@2.2.1
22 silly currentTree | +-- vinyl-fs@2.4.3
22 silly currentTree | `-- vinyl@1.1.1
22 silly currentTree +-- map-obj@1.0.1
22 silly currentTree +-- map-stream@0.1.0
22 silly currentTree +-- materialize@1.0.0
22 silly currentTree +-- meow@3.7.0
22 silly currentTree | `-- object-assign@4.1.0
22 silly currentTree +-- merge-stream@1.0.0
22 silly currentTree | +-- isarray@1.0.0
22 silly currentTree | `-- readable-stream@2.1.4
22 silly currentTree +-- micromatch@2.3.10
22 silly currentTree +-- minimatch@3.0.2
22 silly currentTree +-- minimist@1.2.0
22 silly currentTree +-- mkdirp@0.5.1
22 silly currentTree | `-- minimist@0.0.8
22 silly currentTree +-- moment@2.13.0
22 silly currentTree +-- multimatch@2.1.0
22 silly currentTree +-- multipipe@0.1.2
22 silly currentTree +-- nodemailer-direct-transport@3.1.0
22 silly currentTree +-- nodemailer-fetch@1.4.0
22 silly currentTree +-- nodemailer-shared@1.0.5
22 silly currentTree +-- nodemailer-smtp-pool@2.6.0
22 silly currentTree +-- nodemailer-smtp-transport@2.5.0
22 silly currentTree +-- nodemailer-wellknown@0.1.9
22 silly currentTree +-- nodemailer@2.4.2
22 silly currentTree +-- normalize-package-data@2.3.5
22 silly currentTree +-- normalize-path@2.0.1
22 silly currentTree +-- number-is-nan@1.0.0
22 silly currentTree +-- object-assign@3.0.0
22 silly currentTree +-- object.omit@2.0.0
22 silly currentTree +-- once@1.3.3
22 silly currentTree +-- orchestrator@0.3.7
22 silly currentTree +-- ordered-read-streams@0.1.0
22 silly currentTree +-- os-homedir@1.0.1
22 silly currentTree +-- os-tmpdir@1.0.1
22 silly currentTree +-- osenv@0.1.3
22 silly currentTree +-- parse-glob@3.0.4
22 silly currentTree +-- parse-json@2.2.0
22 silly currentTree +-- path-exists@2.1.0
22 silly currentTree +-- path-is-absolute@1.0.0
22 silly currentTree +-- path-type@1.1.0
22 silly currentTree +-- pause-stream@0.0.11
22 silly currentTree +-- pify@2.3.0
22 silly currentTree +-- pinkie-promise@2.0.1
22 silly currentTree +-- pinkie@2.0.4
22 silly currentTree +-- plur@2.1.2
22 silly currentTree +-- preserve@0.2.0
22 silly currentTree +-- pretty-hrtime@1.0.2
22 silly currentTree +-- process-nextick-args@1.0.7
22 silly currentTree +-- randomatic@1.1.5
22 silly currentTree +-- read-pkg-up@1.0.1
22 silly currentTree +-- read-pkg@1.1.0
22 silly currentTree +-- readable-stream@1.1.14
22 silly currentTree +-- rechoir@0.6.2
22 silly currentTree +-- redent@1.0.0
22 silly currentTree +-- regex-cache@0.4.3
22 silly currentTree +-- repeat-element@1.1.2
22 silly currentTree +-- repeat-string@1.5.4
22 silly currentTree +-- repeating@2.0.1
22 silly currentTree +-- replace-ext@0.0.1
22 silly currentTree +-- resolve-dir@0.1.0
22 silly currentTree +-- resolve@1.1.7
22 silly currentTree +-- semver@4.3.6
22 silly currentTree +-- sequencify@0.0.7
22 silly currentTree +-- sigmund@1.0.1
22 silly currentTree +-- signal-exit@3.0.0
22 silly currentTree +-- smart-buffer@1.0.11
22 silly currentTree +-- smtp-connection@2.5.0
22 silly currentTree +-- socks@1.1.9
22 silly currentTree +-- sparkles@1.0.0
22 silly currentTree +-- spdx-correct@1.0.2
22 silly currentTree +-- spdx-exceptions@1.0.4
22 silly currentTree +-- spdx-expression-parse@1.0.2
22 silly currentTree +-- spdx-license-ids@1.2.1
22 silly currentTree +-- split@0.3.3
22 silly currentTree +-- stream-combiner@0.0.4
22 silly currentTree +-- stream-consume@0.1.0
22 silly currentTree +-- string_decoder@0.10.31
22 silly currentTree +-- stringify-object@2.4.0
22 silly currentTree +-- strip-ansi@3.0.1
22 silly currentTree +-- strip-bom-stream@1.0.0
22 silly currentTree +-- strip-bom@2.0.0
22 silly currentTree +-- strip-indent@1.0.1
22 silly currentTree +-- strip-json-comments@1.0.4
22 silly currentTree +-- supports-color@2.0.0
22 silly currentTree +-- through@2.3.8
22 silly currentTree +-- through2-filter@2.0.0
22 silly currentTree +-- through2@2.0.1
22 silly currentTree | +-- isarray@1.0.0
22 silly currentTree | `-- readable-stream@2.0.6
22 silly currentTree +-- tildify@1.2.0
22 silly currentTree +-- time-stamp@1.0.1
22 silly currentTree +-- to-absolute-glob@0.1.1
22 silly currentTree +-- topo@1.1.0
22 silly currentTree +-- trim-newlines@1.0.0
22 silly currentTree +-- underscore@1.8.3
22 silly currentTree +-- unique-stream@1.0.0
22 silly currentTree +-- user-home@1.1.1
22 silly currentTree +-- util-deprecate@1.0.2
22 silly currentTree +-- v8flags@2.0.11
22 silly currentTree +-- vali-date@1.0.0
22 silly currentTree +-- validate-npm-package-license@3.0.1
22 silly currentTree +-- vinyl-fs@0.3.14
22 silly currentTree | +-- clone@0.2.0
22 silly currentTree | +-- graceful-fs@3.0.8
22 silly currentTree | +-- readable-stream@1.0.34
22 silly currentTree | +-- strip-bom@1.0.0
22 silly currentTree | +-- through2@0.6.5
22 silly currentTree | `-- vinyl@0.4.6
22 silly currentTree +-- vinyl@0.5.3
22 silly currentTree +-- which@1.2.10
22 silly currentTree +-- wrappy@1.0.2
22 silly currentTree `-- xtend@4.0.1
23 silly idealTree client@1.0.0
23 silly idealTree +-- addressparser@1.0.1
23 silly idealTree +-- ammo@1.0.1
23 silly idealTree +-- ansi-regex@2.0.0
23 silly idealTree +-- ansi-styles@2.2.1
23 silly idealTree +-- archy@1.0.0
23 silly idealTree +-- arr-diff@2.0.0
23 silly idealTree +-- arr-flatten@1.0.1
23 silly idealTree +-- array-differ@1.0.0
23 silly idealTree +-- array-find-index@1.0.1
23 silly idealTree +-- array-union@1.0.2
23 silly idealTree +-- array-uniq@1.0.3
23 silly idealTree +-- array-unique@0.2.1
23 silly idealTree +-- arrify@1.0.1
23 silly idealTree +-- async@1.5.2
23 silly idealTree +-- balanced-match@0.4.1
23 silly idealTree +-- beeper@1.1.0
23 silly idealTree +-- boom@2.10.1
23 silly idealTree +-- bower@1.7.9
23 silly idealTree +-- brace-expansion@1.1.5
23 silly idealTree +-- braces@1.8.5
23 silly idealTree +-- buffer-shims@1.0.0
23 silly idealTree +-- buildmail@3.7.0
23 silly idealTree +-- builtin-modules@1.1.1
23 silly idealTree +-- camelcase-keys@2.1.0
23 silly idealTree +-- camelcase@2.1.1
23 silly idealTree +-- chalk@1.1.3
23 silly idealTree +-- clone-stats@0.0.1
23 silly idealTree +-- clone@1.0.2
23 silly idealTree +-- coffee-script@1.10.0
23 silly idealTree +-- concat-map@0.0.1
23 silly idealTree +-- convert-source-map@1.2.0
23 silly idealTree +-- core-util-is@1.0.2
23 silly idealTree +-- currently-unhandled@0.4.1
23 silly idealTree +-- dateformat@1.0.12
23 silly idealTree +-- decamelize@1.2.0
23 silly idealTree +-- defaults@1.0.3
23 silly idealTree +-- deprecated@0.0.1
23 silly idealTree +-- duplexer@0.1.1
23 silly idealTree +-- duplexer2@0.0.2
23 silly idealTree +-- duplexify@3.4.3
23 silly idealTree | +-- end-of-stream@1.0.0
23 silly idealTree | +-- isarray@1.0.0
23 silly idealTree | `-- readable-stream@2.1.4
23 silly idealTree +-- end-of-stream@0.1.5
23 silly idealTree +-- error-ex@1.3.0
23 silly idealTree +-- escape-string-regexp@1.0.5
23 silly idealTree +-- event-stream@3.3.3
23 silly idealTree +-- expand-brackets@0.1.5
23 silly idealTree +-- expand-range@1.8.2
23 silly idealTree +-- expand-tilde@1.2.2
23 silly idealTree +-- extend-shallow@2.0.1
23 silly idealTree +-- extend@3.0.0
23 silly idealTree +-- extglob@0.3.2
23 silly idealTree +-- fancy-log@1.2.0
23 silly idealTree +-- filename-regex@2.0.0
23 silly idealTree +-- fill-range@2.2.3
23 silly idealTree +-- find-index@0.1.1
23 silly idealTree +-- find-up@1.1.2
23 silly idealTree +-- findup-sync@0.3.0
23 silly idealTree +-- first-chunk-stream@1.0.0
23 silly idealTree +-- flagged-respawn@0.3.2
23 silly idealTree +-- for-in@0.1.5
23 silly idealTree +-- for-own@0.1.4
23 silly idealTree +-- from@0.1.3
23 silly idealTree +-- fs-exists-sync@0.1.0
23 silly idealTree +-- gaze@0.5.2
23 silly idealTree +-- get-stdin@4.0.1
23 silly idealTree +-- glob-base@0.3.0
23 silly idealTree +-- glob-parent@2.0.0
23 silly idealTree +-- glob-stream@3.1.18
23 silly idealTree | +-- glob@4.5.3
23 silly idealTree | +-- minimatch@2.0.10
23 silly idealTree | +-- readable-stream@1.0.34
23 silly idealTree | `-- through2@0.6.5
23 silly idealTree +-- glob-watcher@0.0.6
23 silly idealTree +-- glob@5.0.15
23 silly idealTree +-- glob2base@0.0.12
23 silly idealTree +-- global-modules@0.2.2
23 silly idealTree +-- global-prefix@0.1.4
23 silly idealTree +-- globby@2.1.0
23 silly idealTree +-- globule@0.1.0
23 silly idealTree | +-- glob@3.1.21
23 silly idealTree | +-- graceful-fs@1.2.3
23 silly idealTree | +-- inherits@1.0.2
23 silly idealTree | `-- minimatch@0.2.14
23 silly idealTree +-- glogg@1.0.0
23 silly idealTree +-- graceful-fs@4.1.4
23 silly idealTree +-- gulp-debug@2.1.2
23 silly idealTree | `-- object-assign@4.1.0
23 silly idealTree +-- gulp-inject@3.0.0
23 silly idealTree +-- gulp-load-plugins@1.2.4
23 silly idealTree | `-- findup-sync@0.4.1
23 silly idealTree +-- gulp-sourcemaps@1.6.0
23 silly idealTree | `-- vinyl@1.1.1
23 silly idealTree +-- gulp-util@3.0.7
23 silly idealTree +-- gulp@3.9.1
23 silly idealTree +-- gulplog@1.0.0
23 silly idealTree +-- hapi@11.1.4
23 silly idealTree | +-- accept@2.0.0
23 silly idealTree | +-- ammo@2.0.0
23 silly idealTree | +-- boom@3.0.0
23 silly idealTree | +-- call@3.0.0
23 silly idealTree | +-- catbox-memory@2.0.1
23 silly idealTree | +-- catbox@7.0.0
23 silly idealTree | +-- cryptiles@3.0.0
23 silly idealTree | +-- heavy@4.0.0
23 silly idealTree | +-- hoek@3.0.0
23 silly idealTree | +-- iron@3.0.1
23 silly idealTree | +-- items@2.0.0
23 silly idealTree | +-- joi@7.0.0
23 silly idealTree | | +-- isemail@2.0.0
23 silly idealTree | | `-- moment@2.10.6
23 silly idealTree | +-- kilt@2.0.0
23 silly idealTree | +-- mimos@3.0.0
23 silly idealTree | | `-- mime-db@1.19.0
23 silly idealTree | +-- peekaboo@2.0.0
23 silly idealTree | +-- qs@6.0.0
23 silly idealTree | +-- shot@2.0.1
23 silly idealTree | +-- statehood@3.0.0
23 silly idealTree | +-- subtext@3.0.1
23 silly idealTree | | +-- content@3.0.0
23 silly idealTree | | +-- pez@2.0.1
23 silly idealTree | | | +-- b64@3.0.0
23 silly idealTree | | | `-- nigel@2.0.0
23 silly idealTree | | |   `-- vise@2.0.0
23 silly idealTree | | `-- wreck@7.0.0
23 silly idealTree | `-- topo@2.0.0
23 silly idealTree +-- has-ansi@2.0.0
23 silly idealTree +-- has-gulplog@0.1.0
23 silly idealTree +-- hoek@2.16.3
23 silly idealTree +-- hosted-git-info@2.1.5
23 silly idealTree +-- httpntlm@1.6.1
23 silly idealTree | `-- underscore@1.7.0
23 silly idealTree +-- httpreq@0.4.22
23 silly idealTree +-- iconv-lite@0.4.13
23 silly idealTree +-- indent-string@2.1.0
23 silly idealTree +-- inert@3.2.1
23 silly idealTree +-- inflight@1.0.5
23 silly idealTree +-- inherits@2.0.1
23 silly idealTree +-- ini@1.3.4
23 silly idealTree +-- inject@1.0.0-beta2
23 silly idealTree +-- interpret@1.0.1
23 silly idealTree +-- ip@1.1.3
23 silly idealTree +-- irregular-plurals@1.2.0
23 silly idealTree +-- is-arrayish@0.2.1
23 silly idealTree +-- is-buffer@1.1.3
23 silly idealTree +-- is-builtin-module@1.0.0
23 silly idealTree +-- is-dotfile@1.0.2
23 silly idealTree +-- is-equal-shallow@0.1.3
23 silly idealTree +-- is-extendable@0.1.1
23 silly idealTree +-- is-extglob@1.0.0
23 silly idealTree +-- is-finite@1.0.1
23 silly idealTree +-- is-glob@2.0.1
23 silly idealTree +-- is-number@2.1.0
23 silly idealTree +-- is-plain-obj@1.1.0
23 silly idealTree +-- is-posix-bracket@0.1.1
23 silly idealTree +-- is-primitive@2.0.0
23 silly idealTree +-- is-regexp@1.0.0
23 silly idealTree +-- is-stream@1.1.0
23 silly idealTree +-- is-utf8@0.2.1
23 silly idealTree +-- is-valid-glob@0.3.0
23 silly idealTree +-- is-windows@0.2.0
23 silly idealTree +-- isarray@0.0.1
23 silly idealTree +-- isemail@1.2.0
23 silly idealTree +-- isexe@1.1.2
23 silly idealTree +-- isobject@2.1.0
23 silly idealTree | `-- isarray@1.0.0
23 silly idealTree +-- items@1.1.1
23 silly idealTree +-- joi@6.10.1
23 silly idealTree +-- json-stable-stringify@1.0.1
23 silly idealTree +-- jsonify@0.0.0
23 silly idealTree +-- kind-of@3.0.3
23 silly idealTree +-- lazystream@1.0.0
23 silly idealTree | +-- isarray@1.0.0
23 silly idealTree | `-- readable-stream@2.1.4
23 silly idealTree +-- libbase64@0.1.0
23 silly idealTree +-- libmime@2.0.3
23 silly idealTree +-- libqp@1.1.0
23 silly idealTree +-- liftoff@2.2.4
23 silly idealTree +-- load-json-file@1.1.0
23 silly idealTree +-- lodash._basecopy@3.0.1
23 silly idealTree +-- lodash._basetostring@3.0.1
23 silly idealTree +-- lodash._basevalues@3.0.0
23 silly idealTree +-- lodash._getnative@3.9.1
23 silly idealTree +-- lodash._isiterateecall@3.0.9
23 silly idealTree +-- lodash._reescape@3.0.0
23 silly idealTree +-- lodash._reevaluate@3.0.0
23 silly idealTree +-- lodash._reinterpolate@3.0.0
23 silly idealTree +-- lodash._root@3.0.1
23 silly idealTree +-- lodash.escape@3.2.0
23 silly idealTree +-- lodash.isarguments@3.0.8
23 silly idealTree +-- lodash.isarray@3.0.4
23 silly idealTree +-- lodash.isequal@4.2.0
23 silly idealTree | `-- lodash.keys@4.0.7
23 silly idealTree +-- lodash.keys@3.1.2
23 silly idealTree +-- lodash.restparam@3.6.1
23 silly idealTree +-- lodash.template@3.6.2
23 silly idealTree +-- lodash.templatesettings@3.1.1
23 silly idealTree +-- lodash@1.0.2
23 silly idealTree +-- loud-rejection@1.5.0
23 silly idealTree +-- lru-cache@2.7.3
23 silly idealTree +-- mailcomposer@3.9.0
23 silly idealTree +-- main-bower-files@2.13.1
23 silly idealTree | +-- extend@2.0.1
23 silly idealTree | +-- glob-stream@5.3.2
23 silly idealTree | | +-- extend@3.0.0
23 silly idealTree | | +-- isarray@0.0.1
23 silly idealTree | | +-- readable-stream@1.0.34
23 silly idealTree | | `-- through2@0.6.5
23 silly idealTree | +-- isarray@1.0.0
23 silly idealTree | +-- object-assign@4.1.0
23 silly idealTree | +-- ordered-read-streams@0.3.0
23 silly idealTree | +-- path-exists@1.0.0
23 silly idealTree | +-- readable-stream@2.1.4
23 silly idealTree | +-- unique-stream@2.2.1
23 silly idealTree | +-- vinyl-fs@2.4.3
23 silly idealTree | `-- vinyl@1.1.1
23 silly idealTree +-- map-obj@1.0.1
23 silly idealTree +-- map-stream@0.1.0
23 silly idealTree +-- materialize@1.0.0
23 silly idealTree +-- meow@3.7.0
23 silly idealTree | `-- object-assign@4.1.0
23 silly idealTree +-- merge-stream@1.0.0
23 silly idealTree | +-- isarray@1.0.0
23 silly idealTree | `-- readable-stream@2.1.4
23 silly idealTree +-- micromatch@2.3.10
23 silly idealTree +-- minimatch@3.0.2
23 silly idealTree +-- minimist@1.2.0
23 silly idealTree +-- mkdirp@0.5.1
23 silly idealTree | `-- minimist@0.0.8
23 silly idealTree +-- moment@2.13.0
23 silly idealTree +-- multimatch@2.1.0
23 silly idealTree +-- multipipe@0.1.2
23 silly idealTree +-- nodemailer-direct-transport@3.1.0
23 silly idealTree +-- nodemailer-fetch@1.4.0
23 silly idealTree +-- nodemailer-shared@1.0.5
23 silly idealTree +-- nodemailer-smtp-pool@2.6.0
23 silly idealTree +-- nodemailer-smtp-transport@2.5.0
23 silly idealTree +-- nodemailer-wellknown@0.1.9
23 silly idealTree +-- nodemailer@2.4.2
23 silly idealTree +-- normalize-package-data@2.3.5
23 silly idealTree +-- normalize-path@2.0.1
23 silly idealTree +-- number-is-nan@1.0.0
23 silly idealTree +-- object-assign@3.0.0
23 silly idealTree +-- object.omit@2.0.0
23 silly idealTree +-- once@1.3.3
23 silly idealTree +-- orchestrator@0.3.7
23 silly idealTree +-- ordered-read-streams@0.1.0
23 silly idealTree +-- os-homedir@1.0.1
23 silly idealTree +-- os-tmpdir@1.0.1
23 silly idealTree +-- osenv@0.1.3
23 silly idealTree +-- parse-glob@3.0.4
23 silly idealTree +-- parse-json@2.2.0
23 silly idealTree +-- path-exists@2.1.0
23 silly idealTree +-- path-is-absolute@1.0.0
23 silly idealTree +-- path-type@1.1.0
23 silly idealTree +-- pause-stream@0.0.11
23 silly idealTree +-- pify@2.3.0
23 silly idealTree +-- pinkie-promise@2.0.1
23 silly idealTree +-- pinkie@2.0.4
23 silly idealTree +-- plur@2.1.2
23 silly idealTree +-- preserve@0.2.0
23 silly idealTree +-- pretty-hrtime@1.0.2
23 silly idealTree +-- process-nextick-args@1.0.7
23 silly idealTree +-- randomatic@1.1.5
23 silly idealTree +-- read-pkg-up@1.0.1
23 silly idealTree +-- read-pkg@1.1.0
23 silly idealTree +-- readable-stream@1.1.14
23 silly idealTree +-- rechoir@0.6.2
23 silly idealTree +-- redent@1.0.0
23 silly idealTree +-- regex-cache@0.4.3
23 silly idealTree +-- repeat-element@1.1.2
23 silly idealTree +-- repeat-string@1.5.4
23 silly idealTree +-- repeating@2.0.1
23 silly idealTree +-- replace-ext@0.0.1
23 silly idealTree +-- resolve-dir@0.1.0
23 silly idealTree +-- resolve@1.1.7
23 silly idealTree +-- semver@4.3.6
23 silly idealTree +-- sequencify@0.0.7
23 silly idealTree +-- sigmund@1.0.1
23 silly idealTree +-- signal-exit@3.0.0
23 silly idealTree +-- smart-buffer@1.0.11
23 silly idealTree +-- smtp-connection@2.5.0
23 silly idealTree +-- socks@1.1.9
23 silly idealTree +-- sparkles@1.0.0
23 silly idealTree +-- spdx-correct@1.0.2
23 silly idealTree +-- spdx-exceptions@1.0.4
23 silly idealTree +-- spdx-expression-parse@1.0.2
23 silly idealTree +-- spdx-license-ids@1.2.1
23 silly idealTree +-- split@0.3.3
23 silly idealTree +-- stream-combiner@0.0.4
23 silly idealTree +-- stream-consume@0.1.0
23 silly idealTree +-- string_decoder@0.10.31
23 silly idealTree +-- stringify-object@2.4.0
23 silly idealTree +-- strip-ansi@3.0.1
23 silly idealTree +-- strip-bom-stream@1.0.0
23 silly idealTree +-- strip-bom@2.0.0
23 silly idealTree +-- strip-indent@1.0.1
23 silly idealTree +-- strip-json-comments@1.0.4
23 silly idealTree +-- supports-color@2.0.0
23 silly idealTree +-- through@2.3.8
23 silly idealTree +-- through2-filter@2.0.0
23 silly idealTree +-- through2@2.0.1
23 silly idealTree | +-- isarray@1.0.0
23 silly idealTree | `-- readable-stream@2.0.6
23 silly idealTree +-- tildify@1.2.0
23 silly idealTree +-- time-stamp@1.0.1
23 silly idealTree +-- to-absolute-glob@0.1.1
23 silly idealTree +-- topo@1.1.0
23 silly idealTree +-- trim-newlines@1.0.0
23 silly idealTree +-- underscore@1.8.3
23 silly idealTree +-- unique-stream@1.0.0
23 silly idealTree +-- user-home@1.1.1
23 silly idealTree +-- util-deprecate@1.0.2
23 silly idealTree +-- v8flags@2.0.11
23 silly idealTree +-- vali-date@1.0.0
23 silly idealTree +-- validate-npm-package-license@3.0.1
23 silly idealTree +-- vinyl-fs@0.3.14
23 silly idealTree | +-- clone@0.2.0
23 silly idealTree | +-- graceful-fs@3.0.8
23 silly idealTree | +-- readable-stream@1.0.34
23 silly idealTree | +-- strip-bom@1.0.0
23 silly idealTree | +-- through2@0.6.5
23 silly idealTree | `-- vinyl@0.4.6
23 silly idealTree +-- vinyl@0.5.3
23 silly idealTree +-- which@1.2.10
23 silly idealTree +-- wrappy@1.0.2
23 silly idealTree `-- xtend@4.0.1
24 silly generateActionsToTake Starting
25 silly install generateActionsToTake
26 silly generateActionsToTake Finishing
27 silly diffTrees action count 1
28 silly diffTrees update nodemailer@2.4.2
29 silly decomposeActions action count 8
30 silly decomposeActions fetch nodemailer@2.4.2
31 silly decomposeActions extract nodemailer@2.4.2
32 silly decomposeActions test nodemailer@2.4.2
33 silly decomposeActions preinstall nodemailer@2.4.2
34 silly decomposeActions build nodemailer@2.4.2
35 silly decomposeActions install nodemailer@2.4.2
36 silly decomposeActions postinstall nodemailer@2.4.2
37 silly decomposeActions finalize nodemailer@2.4.2
38 silly executeActions Starting
39 silly install executeActions
40 silly doSerial global-install 0
41 silly doParallel fetch 1
42 verbose correctMkdir C:\Users\Oscar\AppData\Roaming\npm-cache\_locks correctMkdir not in flight; initializing
43 verbose lock using C:\Users\Oscar\AppData\Roaming\npm-cache\_locks\staging-ec5ee3b34039fc63.lock for C:\Users\Oscar\Desktop\PawFinderFinal\PawFinder\node_modules\.staging
44 silly doParallel extract 1
45 silly extract nodemailer@2.4.2
46 verbose unbuild node_modules\.staging\nodemailer-6c118522
47 silly gentlyRm C:\Users\Oscar\Desktop\PawFinderFinal\PawFinder\node_modules\.staging\nodemailer-6c118522 is being purged from base C:\Users\Oscar\Desktop\PawFinderFinal\PawFinder
48 verbose gentlyRm don't care about contents; nuking C:\Users\Oscar\Desktop\PawFinderFinal\PawFinder\node_modules\.staging\nodemailer-6c118522
49 verbose tar unpack C:\Users\Oscar\AppData\Roaming\npm-cache\nodemailer\2.4.2\package.tgz
50 verbose tar unpacking to C:\Users\Oscar\Desktop\PawFinderFinal\PawFinder\node_modules\.staging\nodemailer-6c118522
51 silly gentlyRm C:\Users\Oscar\Desktop\PawFinderFinal\PawFinder\node_modules\.staging\nodemailer-6c118522 is being purged
52 verbose gentlyRm don't care about contents; nuking C:\Users\Oscar\Desktop\PawFinderFinal\PawFinder\node_modules\.staging\nodemailer-6c118522
53 silly gunzTarPerm modes [ '777', '666' ]
54 silly gunzTarPerm extractEntry package.json
55 silly gunzTarPerm modified mode [ 'package.json', 420, 438 ]
56 silly gunzTarPerm extractEntry .npmignore
57 silly gunzTarPerm modified mode [ '.npmignore', 420, 438 ]
58 silly gunzTarPerm extractEntry README.md
59 silly gunzTarPerm modified mode [ 'README.md', 420, 438 ]
60 silly gunzTarPerm extractEntry LICENSE
61 silly gunzTarPerm modified mode [ 'LICENSE', 420, 438 ]
62 silly gunzTarPerm extractEntry .eslintrc.js
63 silly gunzTarPerm modified mode [ '.eslintrc.js', 420, 438 ]
64 silly gunzTarPerm extractEntry ISSUE_TEMPLATE.md
65 silly gunzTarPerm modified mode [ 'ISSUE_TEMPLATE.md', 420, 438 ]
66 silly gunzTarPerm extractEntry lib/http-proxy.js
67 silly gunzTarPerm modified mode [ 'lib/http-proxy.js', 420, 438 ]
68 silly gunzTarPerm extractEntry lib/nodemailer.js
69 silly gunzTarPerm modified mode [ 'lib/nodemailer.js', 420, 438 ]
70 silly gunzTarPerm extractEntry lib/template-sender.js
71 silly gunzTarPerm modified mode [ 'lib/template-sender.js', 420, 438 ]
72 silly gunzTarPerm extractEntry CHANGELOG.md
73 silly gunzTarPerm modified mode [ 'CHANGELOG.md', 420, 438 ]
74 silly gentlyRm C:\Users\Oscar\Desktop\PawFinderFinal\PawFinder\node_modules\.staging\nodemailer-6c118522\node_modules is being purged
75 verbose gentlyRm don't care about contents; nuking C:\Users\Oscar\Desktop\PawFinderFinal\PawFinder\node_modules\.staging\nodemailer-6c118522\node_modules
76 silly doParallel preinstall 1
77 silly preinstall nodemailer@2.4.2 C:\Users\Oscar\Desktop\PawFinderFinal\PawFinder\node_modules\.staging\nodemailer-6c118522
78 info lifecycle nodemailer@2.4.2~preinstall: nodemailer@2.4.2
79 silly lifecycle nodemailer@2.4.2~preinstall: no script for preinstall, continuing
80 silly doReverseSerial remove 0
81 silly doSerial move 0
82 silly doSerial finalize 1
83 silly finalize C:\Users\Oscar\Desktop\PawFinderFinal\PawFinder\node_modules\nodemailer
84 silly doSerial build 1
85 silly build nodemailer@2.4.2
86 info linkStuff nodemailer@2.4.2
87 silly linkStuff nodemailer@2.4.2 has C:\Users\Oscar\Desktop\PawFinderFinal\PawFinder\node_modules as its parent node_modules
88 verbose linkBins nodemailer@2.4.2
89 verbose linkMans nodemailer@2.4.2
90 silly doSerial global-link 0
91 silly doParallel update-linked 0
92 silly doSerial install 1
93 silly install nodemailer@2.4.2 C:\Users\Oscar\Desktop\PawFinderFinal\PawFinder\node_modules\.staging\nodemailer-6c118522
94 info lifecycle nodemailer@2.4.2~install: nodemailer@2.4.2
95 silly lifecycle nodemailer@2.4.2~install: no script for install, continuing
96 silly doSerial postinstall 1
97 silly postinstall nodemailer@2.4.2 C:\Users\Oscar\Desktop\PawFinderFinal\PawFinder\node_modules\.staging\nodemailer-6c118522
98 info lifecycle nodemailer@2.4.2~postinstall: nodemailer@2.4.2
99 silly lifecycle nodemailer@2.4.2~postinstall: no script for postinstall, continuing
100 verbose unlock done using C:\Users\Oscar\AppData\Roaming\npm-cache\_locks\staging-ec5ee3b34039fc63.lock for C:\Users\Oscar\Desktop\PawFinderFinal\PawFinder\node_modules\.staging
101 silly executeActions Finishing
102 silly rollbackFailedOptional Starting
103 silly rollbackFailedOptional Finishing
104 silly runTopLevelLifecycles Starting
105 silly install runTopLevelLifecycles
106 silly preinstall client@1.0.0 C:\Users\Oscar\Desktop\PawFinderFinal\PawFinder\client-424fbd02
107 info lifecycle client@1.0.0~preinstall: client@1.0.0
108 silly lifecycle client@1.0.0~preinstall: no script for preinstall, continuing
109 silly build client@1.0.0
110 info linkStuff client@1.0.0
111 silly linkStuff client@1.0.0 has C:\Users\Oscar\Desktop\PawFinderFinal as its parent node_modules
112 verbose linkBins client@1.0.0
113 verbose linkMans client@1.0.0
114 silly install client@1.0.0 C:\Users\Oscar\Desktop\PawFinderFinal\PawFinder\client-424fbd02
115 info lifecycle client@1.0.0~install: client@1.0.0
116 silly lifecycle client@1.0.0~install: no script for install, continuing
117 silly postinstall client@1.0.0 C:\Users\Oscar\Desktop\PawFinderFinal\PawFinder\client-424fbd02
118 info lifecycle client@1.0.0~postinstall: client@1.0.0
119 verbose lifecycle client@1.0.0~postinstall: unsafe-perm in lifecycle true
120 verbose lifecycle client@1.0.0~postinstall: PATH: C:\Program Files\nodejs\node_modules\npm\bin\node-gyp-bin;C:\Users\Oscar\Desktop\PawFinderFinal\PawFinder\node_modules\.bin;C:\Program Files\nodejs;C:\Users\Oscar\bin;C:\Program Files\Git\mingw64\bin;C:\Program Files\Git\usr\local\bin;C:\Program Files\Git\usr\bin;C:\Program Files\Git\usr\bin;C:\Program Files\Git\mingw64\bin;C:\Program Files\Git\usr\bin;C:\Users\Oscar\bin;C:\ProgramData\Oracle\Java\javapath;C:\Program Files\Dell\DW WLAN Card\Driver;C:\Windows\system32;C:\Windows;C:\Windows\System32\Wbem;C:\Windows\System32\WindowsPowerShell\v1.0;C:\Program Files\WIDCOMM\Bluetooth Software;C:\Program Files\WIDCOMM\Bluetooth Software\syswow64;C:\Program Files (x86)\Windows Live\Shared;C:\Program Files (x86)\Skype\Phone;C:\Program Files\nodejs;C:\Program Files\MongoDB\Server\3.2\bin;C:\Users\Oscar\AppData\Roaming\npm;C:\Users\Oscar\AppData\Local\.meteor;C:\Users\Oscar\AppData\Local\atom\bin;C:\Program Files\Git\usr\bin\vendor_perl;C:\Program Files\Git\usr\bin\core_perl
121 verbose lifecycle client@1.0.0~postinstall: CWD: C:\Users\Oscar\Desktop\PawFinderFinal\PawFinder
122 silly lifecycle client@1.0.0~postinstall: Args: [ '/d /s /c', 'bower install && gulp index' ]
123 silly lifecycle client@1.0.0~postinstall: Returned: code: 1  signal: null
124 info lifecycle client@1.0.0~postinstall: Failed to exec postinstall script
125 verbose stack Error: client@1.0.0 postinstall: `bower install && gulp index`
125 verbose stack Exit status 1
125 verbose stack     at EventEmitter.<anonymous> (C:\Program Files\nodejs\node_modules\npm\lib\utils\lifecycle.js:239:16)
125 verbose stack     at emitTwo (events.js:106:13)
125 verbose stack     at EventEmitter.emit (events.js:191:7)
125 verbose stack     at ChildProcess.<anonymous> (C:\Program Files\nodejs\node_modules\npm\lib\utils\spawn.js:24:14)
125 verbose stack     at emitTwo (events.js:106:13)
125 verbose stack     at ChildProcess.emit (events.js:191:7)
125 verbose stack     at maybeClose (internal/child_process.js:850:16)
125 verbose stack     at Process.ChildProcess._handle.onexit (internal/child_process.js:215:5)
126 verbose pkgid client@1.0.0
127 verbose cwd C:\Users\Oscar\Desktop\PawFinderFinal\PawFinder
128 error Windows_NT 6.2.9200
129 error argv "C:\\Program Files\\nodejs\\node.exe" "C:\\Program Files\\nodejs\\node_modules\\npm\\bin\\npm-cli.js" "install"
130 error node v6.0.0
131 error npm  v3.8.6
132 error code ELIFECYCLE
133 error client@1.0.0 postinstall: `bower install && gulp index`
133 error Exit status 1
134 error Failed at the client@1.0.0 postinstall script 'bower install && gulp index'.
134 error Make sure you have the latest version of node.js and npm installed.
134 error If you do, this is most likely a problem with the client package,
134 error not with npm itself.
134 error Tell the author that this fails on your system:
134 error     bower install && gulp index
134 error You can get information on how to open an issue for this project with:
134 error     npm bugs client
134 error Or if that isn't available, you can get their info via:
134 error     npm owner ls client
134 error There is likely additional logging output above.
135 verbose exit [ 1, true ]
